android/app/build/intermediates/manifest_merge_blame_file/debug/manifest-merger-blame-debug-report.txt
1<?xml version="1.0" encoding="utf-8"?>
2<manifest xmlns:android="http://schemas.android.com/apk/res/android"
3    package="com.asistens"
4    android:versionCode="1"
5    android:versionName="1.0" >
6
7    <uses-sdk
8        android:minSdkVersion="21"
9        android:targetSdkVersion="29" />
10
11    <uses-permission android:name="android.permission.SYSTEM_ALERT_WINDOW" />
11-->src\debug\AndroidManifest.xml:5:5-77
11-->src\debug\AndroidManifest.xml:5:22-75
12    <uses-permission android:name="android.permission.INTERNET" />
12-->src\main\AndroidManifest.xml:6:5-67
12-->src\main\AndroidManifest.xml:6:22-64
13    <uses-permission android:name="android.permission.RECEIVE_BOOT_COMPLETED" />
13-->src\main\AndroidManifest.xml:7:5-81
13-->src\main\AndroidManifest.xml:7:22-78
14    <uses-permission android:name="android.permission.WAKE_LOCK" />
14-->src\main\AndroidManifest.xml:8:5-68
14-->src\main\AndroidManifest.xml:8:22-65
15    <uses-permission android:name="android.permission.FOREGROUND_SERVICE" />
15-->src\main\AndroidManifest.xml:9:5-77
15-->src\main\AndroidManifest.xml:9:22-74
16    <uses-permission android:name="android.permission.WRITE_EXTERNAL_STORAGE" />
16-->src\main\AndroidManifest.xml:10:5-80
16-->src\main\AndroidManifest.xml:10:22-78
17    <uses-permission android:name="android.permission.WRITE_INTERNAL_STORAGE" />
17-->src\main\AndroidManifest.xml:11:5-80
17-->src\main\AndroidManifest.xml:11:22-78
18    <uses-permission android:name="android.permission.READ_EXTERNAL_STORAGE" />
18-->src\main\AndroidManifest.xml:12:5-80
18-->src\main\AndroidManifest.xml:12:22-77
19    <uses-permission android:name="android.permission.CAMERA" />
19-->src\main\AndroidManifest.xml:13:5-65
19-->src\main\AndroidManifest.xml:13:22-62
20
21    <application
21-->src\main\AndroidManifest.xml:15:5-71:19
22        android:name="com.asistens.MainApplication"
22-->src\main\AndroidManifest.xml:16:7-38
23        android:allowBackup="false"
23-->src\main\AndroidManifest.xml:20:7-34
24        android:appComponentFactory="androidx.core.app.CoreComponentFactory"
24-->[androidx.core:core:1.1.0] AndroidManifest.xml:24:18-86
25        android:debuggable="true"
26        android:icon="@drawable/logo"
26-->src\main\AndroidManifest.xml:18:7-36
27        android:label="@string/app_name"
27-->src\main\AndroidManifest.xml:17:7-39
28        android:requestLegacyExternalStorage="true"
28-->src\main\AndroidManifest.xml:21:9-52
29        android:roundIcon="@drawable/logo"
29-->src\main\AndroidManifest.xml:19:7-41
30        android:theme="@style/AppTheme"
30-->src\main\AndroidManifest.xml:24:7-38
31        android:usesCleartextTraffic="true" >
31-->src\main\AndroidManifest.xml:22:7-42
32        <activity
32-->src\main\AndroidManifest.xml:25:7-36:18
33            android:name="com.asistens.MainActivity"
33-->src\main\AndroidManifest.xml:27:9-37
34            android:configChanges="keyboard|keyboardHidden|orientation|screenSize"
34-->src\main\AndroidManifest.xml:30:9-79
35            android:label="@string/app_name"
35-->src\main\AndroidManifest.xml:28:9-41
36            android:launchMode="singleTop"
36-->src\main\AndroidManifest.xml:26:9-39
37            android:windowSoftInputMode="adjustResize" >
37-->src\main\AndroidManifest.xml:31:9-51
38            <intent-filter>
38-->src\main\AndroidManifest.xml:32:9-35:25
39                <action android:name="android.intent.action.MAIN" />
39-->src\main\AndroidManifest.xml:33:13-65
39-->src\main\AndroidManifest.xml:33:21-62
40
41                <category android:name="android.intent.category.LAUNCHER" />
41-->src\main\AndroidManifest.xml:34:13-73
41-->src\main\AndroidManifest.xml:34:23-70
42            </intent-filter>
43        </activity>
44        <activity android:name="com.facebook.react.devsupport.DevSettingsActivity" />
44-->src\main\AndroidManifest.xml:37:7-84
44-->src\main\AndroidManifest.xml:37:17-81
45        <activity
45-->src\main\AndroidManifest.xml:38:7-99
46            android:name="com.asistens.NotificationActifity"
46-->src\main\AndroidManifest.xml:38:48-96
47            android:launchMode="singleTop" />
47-->src\main\AndroidManifest.xml:38:17-47
48
49        <service
49-->src\main\AndroidManifest.xml:39:7-43:19
50            android:name="com.asistens.AsistensService"
50-->src\main\AndroidManifest.xml:40:13-56
51            android:enabled="true"
51-->src\main\AndroidManifest.xml:41:13-35
52            android:exported="false" >
52-->src\main\AndroidManifest.xml:42:13-37
53        </service>
54        <!--
55  <service
56            android:name="com.asistens.AsistensEventService">
57        </service>
58        -->
59        <receiver
59-->src\main\AndroidManifest.xml:47:9-54:20
60            android:name="com.asistens.BootUpReceiver"
60-->src\main\AndroidManifest.xml:48:13-55
61            android:enabled="true" >
61-->src\main\AndroidManifest.xml:49:13-35
62            <intent-filter>
62-->src\main\AndroidManifest.xml:50:13-53:29
63                <action android:name="android.intent.action.BOOT_COMPLETED" />
63-->src\main\AndroidManifest.xml:51:17-79
63-->src\main\AndroidManifest.xml:51:25-76
64                <action android:name="android.intent.action.DESTROY_MAIN_SERVICE" />
64-->src\main\AndroidManifest.xml:52:17-85
64-->src\main\AndroidManifest.xml:52:25-82
65            </intent-filter>
66        </receiver>
67
68        <service
68-->src\main\AndroidManifest.xml:55:9-59:19
69            android:name="com.asistens.ConterService"
69-->src\main\AndroidManifest.xml:56:13-54
70            android:enabled="true"
70-->src\main\AndroidManifest.xml:57:13-35
71            android:exported="true" >
71-->src\main\AndroidManifest.xml:58:13-36
72        </service>
73        <service android:name="com.asistens.ConterEvent" >
73-->src\main\AndroidManifest.xml:60:9-62:19
73-->src\main\AndroidManifest.xml:61:13-52
74        </service>
75
76        <receiver
76-->src\main\AndroidManifest.xml:63:9-70:20
77            android:name="com.asistens.CounterReciver"
77-->src\main\AndroidManifest.xml:64:13-55
78            android:enabled="true" >
78-->src\main\AndroidManifest.xml:65:13-35
79            <intent-filter>
79-->src\main\AndroidManifest.xml:66:13-69:29
80                <action android:name="android.intent.action.BOOT_COMPLETED" />
80-->src\main\AndroidManifest.xml:51:17-79
80-->src\main\AndroidManifest.xml:51:25-76
81                <action android:name="android.intent.action.CONTER_RECIVER" />
81-->src\main\AndroidManifest.xml:68:17-79
81-->src\main\AndroidManifest.xml:68:25-76
82            </intent-filter>
83        </receiver>
84
85        <provider
85-->[:react-native-webview] AndroidManifest.xml:12:9-20:20
86            android:name="com.reactnativecommunity.webview.RNCWebViewFileProvider"
86-->[:react-native-webview] AndroidManifest.xml:13:13-83
87            android:authorities="com.asistens.fileprovider"
87-->[:react-native-webview] AndroidManifest.xml:14:13-64
88            android:exported="false"
88-->[:react-native-webview] AndroidManifest.xml:15:13-37
89            android:grantUriPermissions="true" >
89-->[:react-native-webview] AndroidManifest.xml:16:13-47
90            <meta-data
90-->[:react-native-webview] AndroidManifest.xml:17:13-19:63
91                android:name="android.support.FILE_PROVIDER_PATHS"
91-->[:react-native-webview] AndroidManifest.xml:18:17-67
92                android:resource="@xml/file_provider_paths" />
92-->[:react-native-webview] AndroidManifest.xml:19:17-60
93        </provider>
94    </application>
95
96</manifest>